c:\users\seanby\source\repos\eternal_dungeon\eternaldungeon\eternaldungeon\x64\debug\eternaldungeon.pch
c:\users\seanby\source\repos\eternal_dungeon\eternaldungeon\eternaldungeon\x64\debug\vc141.pdb
c:\users\seanby\source\repos\eternal_dungeon\eternaldungeon\eternaldungeon\x64\debug\vc141.idb
c:\users\seanby\source\repos\eternal_dungeon\eternaldungeon\eternaldungeon\x64\debug\stdafx.obj
c:\users\seanby\source\repos\eternal_dungeon\eternaldungeon\eternaldungeon\x64\debug\dice.obj
c:\users\seanby\source\repos\eternal_dungeon\eternaldungeon\eternaldungeon\x64\debug\eternaldungeon.obj
c:\users\seanby\source\repos\eternal_dungeon\eternaldungeon\eternaldungeon\x64\debug\event.obj
c:\users\seanby\source\repos\eternal_dungeon\eternaldungeon\eternaldungeon\x64\debug\eventcard.obj
c:\users\seanby\source\repos\eternal_dungeon\eternaldungeon\eternaldungeon\x64\debug\eventlist.obj
c:\users\seanby\source\repos\eternal_dungeon\eternaldungeon\eternaldungeon\x64\debug\gameworld.obj
c:\users\seanby\source\repos\eternal_dungeon\eternaldungeon\eternaldungeon\x64\debug\health.obj
c:\users\seanby\source\repos\eternal_dungeon\eternaldungeon\eternaldungeon\x64\debug\inventory.obj
c:\users\seanby\source\repos\eternal_dungeon\eternaldungeon\eternaldungeon\x64\debug\level.obj
c:\users\seanby\source\repos\eternal_dungeon\eternaldungeon\eternaldungeon\x64\debug\lootcard.obj
c:\users\seanby\source\repos\eternal_dungeon\eternaldungeon\eternaldungeon\x64\debug\monsterability.obj
c:\users\seanby\source\repos\eternal_dungeon\eternaldungeon\eternaldungeon\x64\debug\monsterabilitylist.obj
c:\users\seanby\source\repos\eternal_dungeon\eternaldungeon\eternaldungeon\x64\debug\monstercard.obj
c:\users\seanby\source\repos\eternal_dungeon\eternaldungeon\eternaldungeon\x64\debug\name.obj
c:\users\seanby\source\repos\eternal_dungeon\eternaldungeon\eternaldungeon\x64\debug\picture.obj
c:\users\seanby\source\repos\eternal_dungeon\eternaldungeon\eternaldungeon\x64\debug\player.obj
c:\users\seanby\source\repos\eternal_dungeon\eternaldungeon\eternaldungeon\x64\debug\staircard.obj
c:\users\seanby\source\repos\eternal_dungeon\eternaldungeon\eternaldungeon\x64\debug\stat.obj
c:\users\seanby\source\repos\eternal_dungeon\eternaldungeon\eternaldungeon\x64\debug\treasurecard.obj
c:\users\seanby\source\repos\eternal_dungeon\eternaldungeon\eternaldungeon\x64\debug\utility.obj
c:\users\seanby\source\repos\eternal_dungeon\eternaldungeon\eternaldungeon\x64\debug\ability.obj
c:\users\seanby\source\repos\eternal_dungeon\eternaldungeon\eternaldungeon\x64\debug\abilitylist.obj
c:\users\seanby\source\repos\eternal_dungeon\eternaldungeon\eternaldungeon\x64\debug\accuracy.obj
c:\users\seanby\source\repos\eternal_dungeon\eternaldungeon\eternaldungeon\x64\debug\armor.obj
c:\users\seanby\source\repos\eternal_dungeon\eternaldungeon\eternaldungeon\x64\debug\basicattack.obj
c:\users\seanby\source\repos\eternal_dungeon\eternaldungeon\eternaldungeon\x64\debug\battle.obj
c:\users\seanby\source\repos\eternal_dungeon\eternaldungeon\eternaldungeon\x64\debug\branchcard.obj
c:\users\seanby\source\repos\eternal_dungeon\eternaldungeon\eternaldungeon\x64\debug\cardobject.obj
c:\users\seanby\source\repos\eternal_dungeon\eternaldungeon\eternaldungeon\x64\debug\csv_read.obj
c:\users\seanby\source\repos\eternal_dungeon\eternaldungeon\eternaldungeon\x64\debug\deck.obj
c:\users\seanby\source\repos\eternal_dungeon\eternaldungeon\x64\debug\eternaldungeon.ilk
c:\users\seanby\source\repos\eternal_dungeon\eternaldungeon\x64\debug\eternaldungeon.exe
c:\users\seanby\source\repos\eternal_dungeon\eternaldungeon\x64\debug\eternaldungeon.pdb
c:\users\seanby\source\repos\eternal_dungeon\eternaldungeon\eternaldungeon\x64\debug\eternaldungeon.tlog\cl.command.1.tlog
c:\users\seanby\source\repos\eternal_dungeon\eternaldungeon\eternaldungeon\x64\debug\eternaldungeon.tlog\cl.read.1.tlog
c:\users\seanby\source\repos\eternal_dungeon\eternaldungeon\eternaldungeon\x64\debug\eternaldungeon.tlog\cl.write.1.tlog
c:\users\seanby\source\repos\eternal_dungeon\eternaldungeon\eternaldungeon\x64\debug\eternaldungeon.tlog\link.command.1.tlog
c:\users\seanby\source\repos\eternal_dungeon\eternaldungeon\eternaldungeon\x64\debug\eternaldungeon.tlog\link.read.1.tlog
c:\users\seanby\source\repos\eternal_dungeon\eternaldungeon\eternaldungeon\x64\debug\eternaldungeon.tlog\link.write.1.tlog
